2019-03-31 21:18:54,140 | INFO | test
2019-03-31 21:21:54,124 | INFO | Launching...
2019-03-31 21:22:05,694 | INFO | Stopping loop...
2019-03-31 21:22:05,695 | INFO | Done.
2019-03-31 21:22:35,633 | INFO | Launching...
2019-03-31 21:22:43,437 | WARNING | The game has been force-quited.
2019-03-31 21:26:08,395 | INFO | Launching...
2019-03-31 21:26:10,171 | INFO | Stopping loop...
2019-03-31 21:26:10,172 | INFO | Done.
2019-03-31 21:39:32,609 | INFO | Launching...
2019-03-31 21:39:41,996 | INFO | Stopping loop...
2019-03-31 21:39:42,000 | INFO | Done.
2019-03-31 21:40:15,700 | INFO | Launching...
2019-03-31 21:40:18,580 | INFO | Stopping loop...
2019-03-31 21:40:18,581 | INFO | Done.
2019-03-31 21:41:08,912 | INFO | Launching...
2019-03-31 21:41:15,032 | INFO | Stopping loop...
2019-03-31 21:41:15,034 | INFO | Done.
2019-03-31 21:42:34,381 | INFO | Launching...
2019-03-31 21:42:37,920 | INFO | Stopping loop...
2019-03-31 21:42:37,925 | INFO | Done.
2019-03-31 21:43:37,866 | INFO | Launching...
2019-03-31 21:43:45,507 | INFO | Stopping loop...
2019-03-31 21:43:45,509 | INFO | Done.
2019-03-31 21:44:22,005 | INFO | Launching Platformer_v2.pyw
2019-03-31 21:44:23,735 | INFO | Stopping loop...
2019-03-31 21:44:23,737 | INFO | Done.
2019-03-31 21:56:23,361 | INFO | Launching Platformer_v2.pyw
2019-03-31 21:56:26,187 | INFO | Stopping loop...
2019-03-31 21:56:26,188 | INFO | Done.
2019-03-31 22:11:01,341 | INFO | Launching Platformer_v2.pyw
2019-03-31 22:11:04,230 | INFO | Stopping loop...
2019-03-31 22:11:04,232 | INFO | Done.
2019-03-31 22:11:11,657 | INFO | Launching Platformer_v2.pyw
2019-03-31 22:11:13,950 | INFO | Stopping loop...
2019-03-31 22:11:13,951 | INFO | Done.
2019-03-31 22:11:47,187 | INFO | Launching Platformer_v2.pyw
2019-03-31 22:12:02,424 | INFO | Stopping loop...
2019-03-31 22:12:02,425 | INFO | Done.
2019-03-31 22:12:08,421 | INFO | Launching Platformer_v2.pyw
2019-03-31 22:12:10,789 | INFO | Stopping loop...
2019-03-31 22:12:10,789 | INFO | Done.
2019-03-31 22:12:49,297 | INFO | Launching Platformer_v2.pyw
2019-03-31 22:12:58,169 | INFO | Stopping loop...
2019-03-31 22:12:58,171 | INFO | Done.
2019-03-31 22:13:03,279 | INFO | Launching Platformer_v2.pyw
2019-03-31 22:13:09,816 | WARNING | The game has been force-quited.
2019-03-31 22:13:24,766 | INFO | Launching Platformer_v2.pyw
2019-03-31 22:13:27,050 | INFO | Stopping loop...
2019-03-31 22:13:27,052 | INFO | Done.
2019-03-31 22:13:34,103 | INFO | Launching Platformer_v2.pyw
2019-03-31 22:13:42,445 | INFO | Stopping loop...
2019-03-31 22:13:42,446 | INFO | Done.
2019-03-31 22:14:45,472 | INFO | Launching Platformer_v2.pyw
2019-03-31 22:14:53,070 | INFO | Stopping loop...
2019-03-31 22:14:53,071 | INFO | Done.
2019-03-31 22:15:13,679 | INFO | Launching Platformer_v2.pyw
2019-03-31 22:15:15,906 | INFO | Stopping loop...
2019-03-31 22:15:15,907 | INFO | Done.
2019-03-31 22:15:43,238 | INFO | Launching Platformer_v2.pyw
2019-03-31 22:15:45,105 | INFO | Stopping loop...
2019-03-31 22:15:45,106 | INFO | Done.
2019-03-31 22:16:18,247 | INFO | Launching Platformer_v2.pyw
2019-03-31 22:16:20,212 | INFO | Stopping loop...
2019-03-31 22:16:20,213 | INFO | Done.
2019-03-31 22:16:24,358 | INFO | Launching Platformer_v2.pyw
2019-03-31 22:16:26,314 | INFO | Stopping loop...
2019-03-31 22:16:26,315 | INFO | Done.
2019-03-31 22:16:40,447 | INFO | Launching Platformer_v2.pyw
2019-03-31 22:16:47,187 | INFO | Stopping loop...
2019-03-31 22:16:47,188 | INFO | Done.
2019-03-31 22:17:01,630 | INFO | Launching Platformer_v2.pyw
2019-03-31 22:17:12,359 | WARNING | The game has been force-quited.
2019-03-31 22:17:30,012 | INFO | Launching Platformer_v2.pyw
2019-03-31 22:17:32,569 | INFO | Stopping loop...
2019-03-31 22:17:32,570 | INFO | Done.
2019-03-31 22:18:04,136 | INFO | Launching Platformer_v2.pyw
2019-03-31 22:18:14,870 | WARNING | The game has been force-quited.
2019-03-31 22:18:36,546 | INFO | Launching Platformer_v2.pyw
2019-03-31 22:18:38,305 | INFO | Stopping loop...
2019-03-31 22:18:38,307 | INFO | Done.
2019-03-31 22:18:42,156 | INFO | Launching Platformer_v2.pyw
2019-03-31 22:18:46,040 | INFO | Stopping loop...
2019-03-31 22:18:46,041 | INFO | Done.
2019-03-31 22:19:24,527 | INFO | Launching Platformer_v2.pyw
2019-03-31 22:19:31,765 | WARNING | The game has been force-quited.
2019-03-31 22:20:12,868 | INFO | Launching Platformer_v2.pyw
2019-03-31 22:20:14,733 | INFO | Stopping loop...
2019-03-31 22:20:14,734 | INFO | Done.
2019-03-31 22:20:18,141 | INFO | Launching Platformer_v2.pyw
2019-03-31 22:20:24,424 | INFO | Stopping loop...
2019-03-31 22:20:24,425 | INFO | Done.
2019-04-04 18:06:01,133 | INFO | Launching Platformer_v2.pyw
2019-04-04 18:06:04,258 | INFO | Stopping loop...
2019-04-04 18:06:04,259 | INFO | Done.
2019-04-05 22:05:47,925 | INFO | Launching Platformer
2019-04-05 22:06:13,256 | INFO | Launching Platformer
2019-04-05 22:17:12,474 | INFO | Launching Platformer
2019-04-05 22:18:20,231 | INFO | Launching Platformer
2019-04-05 22:18:55,710 | INFO | Launching Platformer
2019-04-05 22:20:08,146 | INFO | Launching Platformer
2019-04-05 22:20:10,991 | INFO | Stopping loop...
2019-04-05 22:20:10,992 | INFO | Done.
2019-04-05 22:20:22,250 | INFO | Launching Platformer
2019-04-05 22:21:14,363 | INFO | Launching Platformer
2019-04-05 22:21:54,254 | INFO | Launching Platformer
2019-04-05 22:22:08,943 | WARNING | The game has been force-quited.
2019-04-05 22:22:45,297 | INFO | Launching Platformer
2019-04-05 22:22:54,651 | INFO | Launching Platformer
2019-04-05 22:22:57,210 | INFO | Stopping loop...
2019-04-05 22:22:57,211 | INFO | Done.
2019-04-05 22:23:04,613 | INFO | Launching Platformer
2019-04-05 22:23:17,551 | INFO | Launching Platformer
2019-04-05 22:23:33,226 | INFO | Launching Platformer
2019-04-05 22:23:35,551 | INFO | Stopping loop...
2019-04-05 22:23:35,551 | INFO | Done.
2019-04-05 22:23:41,746 | INFO | Launching Platformer
2019-04-05 22:25:27,443 | INFO | Launching Platformer
2019-04-05 22:26:14,544 | INFO | Launching Platformer
2019-04-05 22:30:03,905 | INFO | Launching Platformer
2019-04-05 22:31:39,685 | INFO | Launching Platformer
2019-04-05 22:35:24,805 | INFO | Launching Platformer
2019-04-05 22:35:27,734 | INFO | Stopping loop...
2019-04-05 22:35:27,734 | INFO | Done.
2019-04-05 22:35:30,696 | INFO | Launching Platformer
2019-04-05 22:35:38,573 | INFO | Launching Platformer
2019-04-05 22:35:45,634 | INFO | Stopping loop...
2019-04-05 22:35:45,635 | INFO | Done.
2019-04-05 22:46:54,891 | INFO | Launching Platformer
2019-04-05 22:46:57,189 | INFO | Stopping loop...
2019-04-05 22:46:57,191 | INFO | Done.
2019-04-05 22:47:00,458 | INFO | Launching Platformer
2019-04-05 22:47:05,256 | INFO | Stopping loop...
2019-04-05 22:47:05,258 | INFO | Done.
2019-04-05 22:47:56,639 | INFO | Launching Platformer
2019-04-05 22:47:58,263 | INFO | Stopping loop...
2019-04-05 22:47:58,265 | INFO | Done.
2019-04-05 22:48:40,731 | INFO | Launching Platformer in debug mode
2019-04-05 22:48:47,782 | INFO | Stopping loop...
2019-04-05 22:48:47,783 | INFO | Done.
2019-04-05 22:49:31,160 | INFO | Launching Platformer
2019-04-05 22:49:32,367 | INFO | Stopping loop...
2019-04-05 22:49:32,369 | INFO | Done.
2019-04-05 22:49:42,094 | INFO | Launching Platformer
2019-04-05 22:49:43,254 | INFO | Stopping loop...
2019-04-05 22:49:43,257 | INFO | Done.
2019-04-05 22:54:49,700 | INFO | Launching Platformer in debug mode
2019-04-05 22:54:52,888 | INFO | Stopping loop...
2019-04-05 22:54:52,890 | INFO | Done.
2019-04-05 22:55:01,340 | INFO | Launching Platformer in debug mode
2019-04-05 22:55:04,481 | INFO | Stopping loop...
2019-04-05 22:55:04,483 | INFO | Done.
2019-04-05 22:55:53,788 | INFO | Launching Platformer
2019-04-05 22:56:01,416 | INFO | Launching Platformer
2019-04-05 22:56:02,533 | INFO | Stopping loop...
2019-04-05 22:56:02,535 | INFO | Done.
2019-04-05 22:56:07,119 | INFO | Launching Platformer
2019-04-05 22:56:08,554 | INFO | Stopping loop...
2019-04-05 22:56:08,556 | INFO | Done.
2019-04-06 10:31:11,285 | INFO | Launching Platformer
2019-04-06 10:31:16,876 | INFO | Stopping loop...
2019-04-06 10:31:16,877 | INFO | Done.
2019-04-06 10:31:22,926 | INFO | Launching Platformer in debug mode
2019-04-06 10:31:38,368 | INFO | Launching Platformer in debug mode
2019-04-06 10:31:46,971 | INFO | Stopping loop...
2019-04-06 10:31:46,973 | INFO | Done.
2019-04-06 10:32:14,895 | INFO | Launching Platformer in debug mode
2019-04-06 10:43:46,592 | INFO | Launching Platformer in debug mode
2019-04-06 10:45:52,290 | INFO | Launching Platformer in debug mode
2019-04-06 10:47:42,401 | INFO | Launching Platformer in debug mode
2019-04-06 10:50:40,766 | INFO | Launching Platformer in debug mode
